action: GLOB, msg: packaging
cwd: C:\Users\eqblslh\AI\MLOps1\simpleapp
cmd: 'c:\users\eqblslh\anaconda3\python.exe' setup.py sdist --formats=zip --dist-dir '.tox\dist'
running sdist
running egg_info
writing src.egg-info\PKG-INFO
writing dependency_links to src.egg-info\dependency_links.txt
writing top-level names to src.egg-info\top_level.txt
reading manifest file 'src.egg-info\SOURCES.txt'
writing manifest file 'src.egg-info\SOURCES.txt'
warning: sdist: standard file not found: should have one of README, README.rst, README.txt, README.md

running check
warning: Check: missing required meta-data: url

warning: Check: missing meta-data: if 'author' supplied, 'author_email' must be supplied too

creating src-0.0.1
creating src-0.0.1\src.egg-info
copying files to src-0.0.1...
copying setup.py -> src-0.0.1
copying src.egg-info\PKG-INFO -> src-0.0.1\src.egg-info
copying src.egg-info\SOURCES.txt -> src-0.0.1\src.egg-info
copying src.egg-info\dependency_links.txt -> src-0.0.1\src.egg-info
copying src.egg-info\top_level.txt -> src-0.0.1\src.egg-info
Writing src-0.0.1\setup.cfg
creating '.tox\dist\src-0.0.1.zip' and adding 'src-0.0.1' to it
adding 'src-0.0.1'
adding 'src-0.0.1\src.egg-info'
adding 'src-0.0.1\PKG-INFO'
adding 'src-0.0.1\setup.cfg'
adding 'src-0.0.1\setup.py'
adding 'src-0.0.1\src.egg-info\dependency_links.txt'
adding 'src-0.0.1\src.egg-info\PKG-INFO'
adding 'src-0.0.1\src.egg-info\SOURCES.txt'
adding 'src-0.0.1\src.egg-info\top_level.txt'
removing 'src-0.0.1' (and everything under it)
